2023-04-18 11:41:30 - Neovide panicked with the message 'Could not create surface'. (File: src\renderer\rendered_window.rs; Line: 82, Column: 6)
   0: <unknown>
   1: <unknown>
   2: <unknown>
   3: <unknown>
   4: <unknown>
   5: <unknown>
   6: <unknown>
   7: <unknown>
   8: <unknown>
   9: <unknown>
  10: <unknown>
  11: <unknown>
  12: <unknown>
  13: <unknown>
  14: <unknown>
  15: <unknown>
  16: <unknown>
  17: DefSubclassProc
  18: DefSubclassProc
  19: DispatchMessageW
  20: DispatchMessageW
  21: <unknown>
  22: <unknown>
  23: <unknown>
  24: <unknown>
  25: <unknown>
  26: <unknown>
  27: <unknown>
  28: BaseThreadInitThunk
  29: RtlUserThreadStart

