[Wednesday/June 07/06/2023 01:12:34] .\Shanghai Knights (2003) 1080p 10bit Bluray x265 HEVC [Org DD 2.0 Hindi + DD 5.1 English] ESubs ~ TombDoc.mkv | length=6861.438 | time=242.784 | clip=copy
[Saturday/June 10/06/2023 22:41:18] "Aadhaar - Pan Linking" | https://www.youtube.com/watch?v=HdI6xUPQiJA | length=411.781 | time=0 | clip=paste
[Sunday/June 11/06/2023 02:33:02] "qh8kaptgq75b1.jpg?width=640&crop=smart&auto=webp&v=enabled&s=20fe65a6dcab89a835a053a31e7ed63b5e50ff86" | https://preview.redd.it/qh8kaptgq75b1.jpg?width=640&crop=smart&auto=webp&v=enabled&s=20fe65a6dcab89a835a053a31e7ed63b5e50ff86 | length=0 | time=0 | clip=paste
[Monday/June 19/06/2023 23:17:09] http://103.81.104.118/hls/stream5.m3u8 | length=0 | time=0 | clip=paste
[Sunday/June 25/06/2023 02:20:56] .\The Weeknd - Dawn FM\01. The Weeknd - Dawn FM (Explicit).flac | length=96.240042 | time=2.82019 | clip=copy
[Sunday/June 25/06/2023 02:20:57] .\The Weeknd - Dawn FM\01. The Weeknd - Dawn FM (Explicit).flac | length=96.240042 | time=3.631065 | clip=copy
[Sunday/June 25/06/2023 02:21:14] .\02. The Weeknd - Gasoline (Explicit).flac | length=212.165833 | time=5.114563 | clip=copy
[Saturday/July 01/07/2023 22:05:46] "screenshot.gif" | https://github.com/topgrade-rs/topgrade/blob/master/doc/screenshot.gif | length=1 | time=0 | clip=paste
[Thursday/July 06/07/2023 01:19:25] "Travis Scott - CAN'T SAY" | https://www.youtube.com/watch?v=2LegcNVM_nM | length=196.921 | time=46.756427000002 | clip=copy
[Monday/July 24/07/2023 00:06:53] .\Metro Boomin\HEROES & VILLAINS (Heroes Version)/02 - Metro Boomin - Superhero (Heroes & Villains) [with Future & Chris Brown].ogg | length=182.626395 | time=1.564743 | clip=copy
[Monday/July 24/07/2023 00:15:29] .\The weeknd\The Weeknd - Dawn FM/11. The Weeknd - Starry Eyes (Explicit).flac | length=148.000021 | time=1.520796 | clip=copy
[Monday/July 24/07/2023 00:15:30] .\The weeknd\The Weeknd - Dawn FM/11. The Weeknd - Starry Eyes (Explicit).flac | length=148.000021 | time=0 | clip=copy
[Monday/July 31/07/2023 02:04:18] "Learn Hindi - Hindi in Three Minutes - Numbers 11-100" | https://piped.kavin.rocks/watch?v=S2-YUzP7W5w | length=337.121 | time=0 | clip=paste
[Monday/July 31/07/2023 02:07:18] "Learn Hindi - Hindi in Three Minutes - How Much?" | https://www.youtube.com/watch?v=JFGz0e0hftU | length=196.801 | time=0 | clip=paste
[Sunday/August 13/08/2023 23:21:29] "count.gif" | https://github.com/SUSTech-data/wildfire.nvim/blob/master/assets/count.gif | length=1 | time=0 | clip=paste
[Friday/August 18/08/2023 00:49:18] "Dream Girl (2019)" | https://drive.usercontent.google.com/download?id=1ZLxz_DO5NxLAHXZC2gvA2kNNjO4IDVDK&export=download&authuser=0&confirm=t&uuid=7af965c2-5be4-45c9-8599-e01c1d022298&at=APZUnTU65V7BHk3MUD73JVTY3F6f:1692299298101 | length=7509.863 | time=0 | clip=paste
[Sunday/August 20/08/2023 23:54:43] "4un3wk4so1jb1.jpg" | https://i.redd.it/4un3wk4so1jb1.jpg | length=0 | time=0 | clip=paste
[Friday/August 25/08/2023 01:15:04] .\Alone At Prom\02.Pink Dolphin Sunset (feat. Tee),Tory Lanez.mp3 | length=212.506122 | time=7.7149597086168 | clip=copy
[Sunday/August 27/08/2023 15:43:47] "Spider Man : Across the Spider Verse 2023 1080p 10bit AV1 [ (Hindi AMZN DDP 5.1) + Eng 6CH ] ESub ~ Ꙙsū☈ ~ dAV1nci" | https://drive.usercontent.google.com/download?id=1tyxMaW5LZPZd1ykCOxBdOHbjhUCQabFJ&export=download&authuser=0&confirm=t&uuid=2473c0a1-9439-444b-b263-b59dfd6efd25&at=APZUnTVbldYT3y5f6T6ERetnt0GP:1693131193400 | length=8955.904 | time=0 | clip=paste
[Friday/September 15/09/2023 19:28:09] "From No Org to Neorg - Workflow, Links | #2" | https://www.youtube.com/watch?v=Bi9JiW5nSig | length=2018.641 | time=0 | clip=paste
[Thursday/September 28/09/2023 00:55:15] "Flowchart   All Food and No Food" | https://youtu.be/hKSAvWxI82w | length=345.761 | time=0 | clip=paste
[Thursday/September 28/09/2023 01:00:45] "Sanity of data" | https://youtu.be/BV-dvbL5X6c | length=1660.861 | time=0 | clip=paste
[Thursday/September 28/09/2023 22:22:16] "71Agu95C-jL.jpg" | https://m.media-amazon.com/images/I/71Agu95C-jL.jpg | length=0 | time=0 | clip=paste
[Sunday/October 08/10/2023 03:20:36] "9hpuespiessb1.png" | https://i.redd.it/9hpuespiessb1.png | length=0 | time=0 | clip=paste
[Tuesday/October 10/10/2023 16:36:39] "AQ1-Q2.png" | https://backend.seek.onlinedegree.iitm.ac.in/20t1_ma1002/assets/img/AQ1-Q2.png | length=0 | time=0 | clip=paste
[Wednesday/October 18/10/2023 04:46:40] "Statistics for Data Science 1 - Introduction" | https://www.youtube.com/watch?v=V5fqShLVpoI | length=331.061 | time=0 | clip=paste
[Wednesday/October 18/10/2023 04:47:19] "Lecture 3.4 - Describing Numerical Data - Measures of dispersion- Range" | https://youtu.be/Ju8cRGDTxsQ | length=1938.421 | time=0 | clip=paste
[Saturday/October 21/10/2023 09:13:17] "तू डूब के मर जा रे चुल्लू भर पानी में बागेश्वर धाम सरकार चेतावनी भजन" | https://youtu.be/XBQ328bpoMU?si=XsnJnDVQ8w9r4SpS | length=521.581 | time=0 | clip=paste
[Saturday/October 21/10/2023 09:16:35] "Major General G.D  Bakshi - Tum Chullu Bhar Paani Mein Doob Ke Mar Jao - Meme Template - FULL HD" | https://youtu.be/JYp6yjhgAfQ?si=Xj2hjXbIt7ds1VQB | length=4.921 | time=0 | clip=paste
[Friday/October 27/10/2023 19:27:41] "Math-1 Week-1 Summary (Hindi) | All Lectures Week-1 | Number, Set, Function, Relation | #iitmadras" | https://www.youtube.com/watch?v=18l7Nxhzhq8 | length=2379.001 | time=0 | clip=paste
[Saturday/November 04/11/2023 15:05:47] "Arch Linux: A ℂ𝕠𝕞𝕗𝕪 Install Guide" | https://www.youtube.com/watch?v=68z11VAYMS8&pp=ygUTYXJjaCBpbnN0YWxsIGNvbWZseQ%3D%3D | length=1330.181 | time=0 | clip=paste
