1699558738,87,The Polar Express (2004) 1080p BDRip x265 Dual Audio AC3 English 5.1 Hindi 2.0 - MeGUiL,C:\Users\O_0\Videos\The Polar Express (2004) 1080p BDRip x265 Dual Audio AC3 English 5.1 Hindi 2.0 - MeGUiL.mkv,213
1699558752,22,www.TamilBlasters.casa,C:\Users\O_0\Videos\Megamind (2010) [1080p - BDRip - x264 - Original Audios - (DD5.1 - 640Kbps) - [Tamil + Telugu + Hindi + English] - 3.1GB - MSub}.mkv,189
1699561651,53,Ivylake - Moonfern 🌙 [lofi hip hop/relaxing beats],https://www.youtube.com/watch?v=S6zSCQskYl4,111
1699561678,53,Ivylake - Moonfern 🌙 [lofi hip hop/relaxing beats],https://www.youtube.com/watch?v=S6zSCQskYl4,111
1699563099,,,C:\Users\O_0\Downloads\HIN - RRR - MOVIE IN - Naacho Naacho.mp4,76
1699565344,,,C:\Users\O_0\Music\Ponyo on the Cliff by the Sea (Full Japanese Theme Song).webm,93
1699565564,13,sAy sOMETHINg,C:\Users\O_0\Music\sAy sOMETHINg.flac,65
1699565939,13,sAy sOMETHINg,C:\Users\O_0\Music\sAy sOMETHINg.flac,65
1699565975,13,sAy sOMETHINg,C:\Users\O_0\Music\sAy sOMETHINg.flac,65
1699566030,13,sAy sOMETHINg,C:\Users\O_0\Music\sAy sOMETHINg.flac,65
1699566033,,,C:\Users\O_0\Music\Ponyo on the Cliff by the Sea (Full Japanese Theme Song).webm,93
1699566066,,,C:\Users\O_0\Music\Ponyo on the Cliff by the Sea (Full Japanese Theme Song).webm,93
1699566086,,,C:\Users\O_0\Music\Ponyo on the Cliff by the Sea (Full Japanese Theme Song).webm,93
1699566099,,,C:\Users\O_0\Music\Ponyo on the Cliff by the Sea (Full Japanese Theme Song).webm,93
1699566151,,,C:\Users\O_0\Music\Ponyo on the Cliff by the Sea (Full Japanese Theme Song).webm,93
1699569408,,,C:\Users\O_0\Music\Ponyo on the Cliff by the Sea (Full Japanese Theme Song).webm,93
1699569451,,,C:\Users\O_0\Music\Ponyo on the Cliff by the Sea (Full Japanese Theme Song).webm,93
1699569469,,,C:\Users\O_0\Music\Ponyo on the Cliff by the Sea (Full Japanese Theme Song).webm,93
1699569489,,,C:\Users\O_0\Music\Ponyo on the Cliff by the Sea (Full Japanese Theme Song).webm,93
1699569592,,,C:\Users\O_0\Music\Ponyo on the Cliff by the Sea (Full Japanese Theme Song).webm,93
1699569611,,,C:\Users\O_0\Music\Ponyo on the Cliff by the Sea (Full Japanese Theme Song).webm,93
1699569625,,,C:\Users\O_0\Music\Ponyo on the Cliff by the Sea (Full Japanese Theme Song).webm,93
1699569646,87,The Polar Express (2004) 1080p BDRip x265 Dual Audio AC3 English 5.1 Hindi 2.0 - MeGUiL,C:\Users\O_0\Videos\The Polar Express (2004) 1080p BDRip x265 Dual Audio AC3 English 5.1 Hindi 2.0 - MeGUiL.mkv,213
1699569672,87,The Polar Express (2004) 1080p BDRip x265 Dual Audio AC3 English 5.1 Hindi 2.0 - MeGUiL,C:\Users\O_0\Videos\The Polar Express (2004) 1080p BDRip x265 Dual Audio AC3 English 5.1 Hindi 2.0 - MeGUiL.mkv,213
1699569755,87,The Polar Express (2004) 1080p BDRip x265 Dual Audio AC3 English 5.1 Hindi 2.0 - MeGUiL,C:\Users\O_0\Videos\The Polar Express (2004) 1080p BDRip x265 Dual Audio AC3 English 5.1 Hindi 2.0 - MeGUiL.mkv,213
1699569776,87,The Polar Express (2004) 1080p BDRip x265 Dual Audio AC3 English 5.1 Hindi 2.0 - MeGUiL,C:\Users\O_0\Videos\The Polar Express (2004) 1080p BDRip x265 Dual Audio AC3 English 5.1 Hindi 2.0 - MeGUiL.mkv,213
1699569862,87,The Polar Express (2004) 1080p BDRip x265 Dual Audio AC3 English 5.1 Hindi 2.0 - MeGUiL,C:\Users\O_0\Videos\The Polar Express (2004) 1080p BDRip x265 Dual Audio AC3 English 5.1 Hindi 2.0 - MeGUiL.mkv,213
1699569885,119,Spider Man : Across the Spider Verse 2023 1080p 10bit AV1 [ (Hindi AMZN DDP 5.1) + Eng 6CH ] ESub ~ Ꙙsū☈ ~ dAV1nci,C:\Users\O_0\Videos\Spider Man - Across the Spider Verse 2023 1080p 10bit AV1 [ (Hindi AMZN DDP 5.1) + Eng 6CH ] ESub ~ Ꙙsū☈ ~ dAV1nci.mkv,278
1699569886,87,The Polar Express (2004) 1080p BDRip x265 Dual Audio AC3 English 5.1 Hindi 2.0 - MeGUiL,C:\Users\O_0\Videos\The Polar Express (2004) 1080p BDRip x265 Dual Audio AC3 English 5.1 Hindi 2.0 - MeGUiL.mkv,213
1699612438,19,www.TamilRockers.cl,C:\Users\O_0\Videos\James_and_the_Giant_Peach_1996720p_BDRip_Tamil_+_Hindi_+_Eng.mkv,118
1699620857,,,C:\Users\O_0\Desktop\papaphpen\MOV0007A.avi,56
1699620887,,,C:\Users\O_0\Desktop\papaphpen\Photos\ddd\3rd.3gp,62
1699620911,,,C:\Users\O_0\Desktop\papaphpen\MOV0006A.avi,56
1699620977,,,C:\Users\O_0\Desktop\papaphpen\MOV0007A.avi,56
1699620983,,,C:\Users\O_0\Desktop\papaphpen\MOV0009A.avi,56
1699621000,,,C:\Users\O_0\Desktop\papaphpen\MOV0008A.avi,56
1699621021,,,C:\Users\O_0\Desktop\papaphpen\MOV0009A.avi,56
1699621025,,,C:\Users\O_0\Desktop\papaphpen\MOV0006A.avi,56
1699700412,,,C:\Users\O_0\Videos\funny webm\QuackQuack2.webm,60
1699700421,,,C:\Users\O_0\Videos\funny webm\run.webm,52
1699700483,,,C:\Users\O_0\Videos\funny webm\sad cat.webm,56
1699700495,,,C:\Users\O_0\Videos\funny webm\saul bouncing.webm,62
1699700512,,,C:\Users\O_0\Videos\funny webm\ski-ba-bop-ba-dop-bop_wacked..webm,78
1699700518,,,C:\Users\O_0\Videos\funny webm\sus.webm,52
1699700532,,,C:\Users\O_0\Videos\funny webm\yo soy impostor.webm,64
1699700661,,,C:\Users\O_0\Videos\funny webm\cirnoshrink.webm,60
1699700671,,,C:\Users\O_0\Videos\funny webm\clown straw.webm,60
1699700696,,,C:\Users\O_0\Videos\funny webm\coloride.webm,57
1699700712,,,C:\Users\O_0\Videos\funny webm\meglovaniapig.webm,62
1699700729,,,C:\Users\O_0\Videos\funny webm\kirby dance.webm,60
1699700744,,,C:\Users\O_0\Videos\funny webm\pixelpig cat.webm,61
1699700762,,,C:\Users\O_0\Videos\funny webm\QuackQuack2.webm,60
1699700767,6,WeirdM,C:\Users\O_0\Videos\funny webm\pbjelly dog.webm,67
1699700779,,,C:\Users\O_0\Videos\funny webm\neco dance.webm,59
1699700804,,,C:\Users\O_0\Videos\funny webm\notchristmas.webm,61
1699727904,61,The.Uncanny.Counter.S01E01.1080p.NF.WEB-DL.DDP2.0.x264-SH3LBY,C:\Users\O_0\AppData\Local\Temp\7zO80842458\The.Uncanny.Counter.S01E01.480p.NF.WEB-DL.x264.250MB-Pahe.in.mkv,184
1699738123,,,C:\Users\O_0\Downloads\274754869-6266efa4-a6e4-46f1-8e15-96495a6b6fe8.mp4,86
1699813756,,,E:\priya\Like_6821430015556646140.mp4,50
1699813806,31,Anpadh Hari Se haryanvi DJ song,E:\LOST.DIR\Anpadh Hari Se haryanvi DJ song.mp3,93
1699813875,,,E:\LOST.DIR\Maine apne dil de diya kis pagal.mp4.mp3,65
1699819171,,,C:\Users\O_0\Videos\Hidden.Love.S01.2023.1080p.WEB-DL.H.264.AAC-Chios\Hidden.Love.S01E02.2023.1080p.WEB-DL.H.264.AAC-Chios.mkv,139
1701723929,,,C:\Users\O_0\Music\Ponyo on the Cliff by the Sea (Full Japanese Theme Song).webm,93
1701776663,,,C:\Users\O_0\local\PollyMC-cracked\instances\Adrenaline\.minecraft\icon.png,88
1701778363,,,C:\Users\O_0\local\PollyMC-cracked\themes\Dracula\screenshot.png,77
1701856722,24,Lali lalo from Aparichit,C:\Users\O_0\Videos\Lali lalo from Aparichit.mkv,87
1701856746,22,www.TamilBlasters.casa,C:\Users\O_0\Videos\Megamind (2010) [1080p - BDRip - x264 - Original Audios - (DD5.1 - 640Kbps) - [Tamil + Telugu + Hindi + English] - 3.1GB - MSub}.mkv,189
1701856750,19,www.TamilRockers.cl,C:\Users\O_0\Videos\James_and_the_Giant_Peach_1996720p_BDRip_Tamil_+_Hindi_+_Eng.mkv,118
1701869326,83,Monster House (2006) 1080p BDRip x264 Dual Audio AC3 English 5.1 Hindi 2.0 - MeGUiL,C:\Users\O_0\Videos\Monster House (2006) 1080p BDRip x264 Dual Audio AC3 English 5.1 Hindi 2.0 - MeGUiL\Monster House (2006) 1080p BDRip x264 Dual Audio AC3 English 5.1 Hindi 2.0 - MeGUiL.mkv,289
1701869359,22,www.TamilBlasters.casa,C:\Users\O_0\Videos\Megamind (2010) [1080p - BDRip - x264 - Original Audios - (DD5.1 - 640Kbps) - [Tamil + Telugu + Hindi + English] - 3.1GB - MSub}.mkv,189
1701870022,22,www.TamilBlasters.casa,C:\Users\O_0\Videos\Megamind (2010) [1080p - BDRip - x264 - Original Audios - (DD5.1 - 640Kbps) - [Tamil + Telugu + Hindi + English] - 3.1GB - MSub}.mkv,189
1701875169,102,ParaNorman (2012) 1080p 10bit Bluray x265 HEVC [Org BD DTS 5.1 Hindi + DD 5.1 English] MSubs ~ TombDoc,C:\Users\O_0\Videos\ParaNorman (2012) 1080p 10bit Bluray x265 HEVC [Org BD DTS 5.1 Hindi + DD 5.1 English] MSubs ~ TombDoc.mkv,244
1701957183,,,C:\Users\O_0\AppData\Local\Microsoft\Windows\INetCache\IE\74QMMAY6\John Legend - All of Me (Official Video)[1].mp3,127
1702033560,100,Johnny English Strikes Again (2018) 1080p BluRay x264 {Hindi Org DD 5.1-Eng DTS 5.1} ESub By~Hammer~,C:\Users\O_0\Downloads\Johnny English Strikes Again (2018) 1080p BluRay x264 {Hindi Org DD 5.1-Eng DTS 5.1} ESub By_Hammer_.mkv,243
1702112367,,,C:\Users\O_0\AppData\Local\Microsoft\Windows\INetCache\IE\74QMMAY6\14849485[1].mp4,95
